Build info:
* date/time: May 29 2025  14:04:45
* computer: RACK-BUILD27
* configuration: MasterMasterSteamPGO
* description: release_1_3_975894_628
CmdLine: 'c:\Games\Kingdom.Come.Deliverance.II.Gold.Edition-InsaneRamZes\Bin\Win64MasterMasterSteamPGO\KingdomCome.exe'
Looking for root folder...
Exec path is 'c:\Games\Kingdom.Come.Deliverance.II.Gold.Edition-InsaneRamZes\Bin\Win64MasterMasterSteamPGO\KingdomCome.exe'
The root folder is 'c:\Games\Kingdom.Come.Deliverance.II.Gold.Edition-InsaneRamZes'
Adding 'c:\Games\Kingdom.Come.Deliverance.II.Gold.Edition-InsaneRamZes\Bin\Win64Shared' to path...
New path is 'c:\Games\Kingdom.Come.Deliverance.II.Gold.Edition-InsaneRamZes\Bin\Win64Shared;C:\Windows\system32;C:\Windows;C:\Windows\System32\Wbem;C:\Windows\System32\WindowsPowerShell\v1.0\;C:\Windows\System32\OpenSSH\;C:\Program Files (x86)\NVIDIA Corporation\PhysX\Common;C:\Program Files\dotnet\;C:\Program Files\Git\cmd;C:\Program Files\NVIDIA Corporation\NVIDIA app\NvDLISR;C:\Program Files\nodejs\;C:\Program Files\AmneziaWG\;C:\Users\user\AppData\Local\Programs\Python\Python313\Scripts\;C:\Users\user\AppData\Local\Programs\Python\Python313\;C:\Users\user\AppData\Local\Programs\Python\Python312\Scripts\;C:\Users\user\AppData\Local\Programs\Python\Python312\;C:\Users\user\AppData\Local\Microsoft\WindowsApps;C:\Users\user\.dotnet\tools;C:\Users\user\AppData\Local\Programs\Microsoft VS Code\bin;C:\Users\user\AppData\Roaming\npm;h:\ytdlp;'
Loading icons...
Creating splash...
Checking if another instance is running...
Working dir is set to 'c:\Games\Kingdom.Come.Deliverance.II.Gold.Edition-InsaneRamZes'
Loading 'amd_ags_x64.dll' ...
Loading 'amd_fidelityfx_dx12.dll' ...
Loading 'AnselSDK64.dll' ...
Loading 'bink2w64.dll' ...
Loading 'dxcompiler.dll' ...
Loading 'dxil.dll' ...
Loading 'fmod.dll' ...
Loading 'fmodstudio.dll' ...
Loading 'GFSDK_Aftermath_Lib.x64.dll' ...
Loading 'nvngx_dlss.dll' ...
Loading 'pros.sdk.x64.dll' ...
Loading 'steam_api64.dll' ...
Loading Game DLL 'WHGame' ...
Game DLL is loaded
GameStartup is created
Initializing the game...
The game is initialized
Run: begin
